INFO - 2023-03-31 01:27:51 --> Session: Class initialized using 'CodeIgniter\Session\Handlers\FileHandler' driver.
CRITICAL - 2023-03-31 01:27:51 --> Invalid file: "login_page.php"
in SYSTEMPATH\Exceptions\FrameworkException.php on line 33.
 1 SYSTEMPATH\View\View.php(201): CodeIgniter\Exceptions\FrameworkException::forInvalidFile('login_page.php')
 2 SYSTEMPATH\Common.php(1184): CodeIgniter\View\View->render('login_page', [], true)
 3 APPPATH\Controllers\Main.php(24): view('login_page')
 4 SYSTEMPATH\CodeIgniter.php(934): App\Controllers\Main->login()
 5 SYSTEMPATH\CodeIgniter.php(499): CodeIgniter\CodeIgniter->runController(Object(App\Controllers\Main))
 6 SYSTEMPATH\CodeIgniter.php(368): CodeIgniter\CodeIgniter->handleRequest(null, Object(Config\Cache), false)
 7 FCPATH\index.php(67): CodeIgniter\CodeIgniter->run()
INFO - 2023-03-31 01:27:51 --> Session: Class initialized using 'CodeIgniter\Session\Handlers\FileHandler' driver.
CRITICAL - 2023-03-31 01:27:51 --> Invalid file: "login_page.php"
in SYSTEMPATH\Exceptions\FrameworkException.php on line 33.
 1 SYSTEMPATH\View\View.php(201): CodeIgniter\Exceptions\FrameworkException::forInvalidFile('login_page.php')
 2 SYSTEMPATH\Common.php(1184): CodeIgniter\View\View->render('login_page', [], true)
 3 APPPATH\Controllers\Main.php(24): view('login_page')
 4 SYSTEMPATH\CodeIgniter.php(934): App\Controllers\Main->login()
 5 SYSTEMPATH\CodeIgniter.php(499): CodeIgniter\CodeIgniter->runController(Object(App\Controllers\Main))
 6 SYSTEMPATH\CodeIgniter.php(368): CodeIgniter\CodeIgniter->handleRequest(null, Object(Config\Cache), false)
 7 FCPATH\index.php(67): CodeIgniter\CodeIgniter->run()
INFO - 2023-03-31 01:28:42 --> Session: Class initialized using 'CodeIgniter\Session\Handlers\FileHandler' driver.
CRITICAL - 2023-03-31 01:28:42 --> Invalid file: "login_page.php"
in SYSTEMPATH\Exceptions\FrameworkException.php on line 33.
 1 SYSTEMPATH\View\View.php(201): CodeIgniter\Exceptions\FrameworkException::forInvalidFile('login_page.php')
 2 SYSTEMPATH\Common.php(1184): CodeIgniter\View\View->render('login_page', [], true)
 3 APPPATH\Controllers\Main.php(24): view('login_page')
 4 SYSTEMPATH\CodeIgniter.php(934): App\Controllers\Main->login()
 5 SYSTEMPATH\CodeIgniter.php(499): CodeIgniter\CodeIgniter->runController(Object(App\Controllers\Main))
 6 SYSTEMPATH\CodeIgniter.php(368): CodeIgniter\CodeIgniter->handleRequest(null, Object(Config\Cache), false)
 7 FCPATH\index.php(67): CodeIgniter\CodeIgniter->run()
INFO - 2023-03-31 01:28:43 --> Session: Class initialized using 'CodeIgniter\Session\Handlers\FileHandler' driver.
CRITICAL - 2023-03-31 01:28:43 --> Invalid file: "login_page.php"
in SYSTEMPATH\Exceptions\FrameworkException.php on line 33.
 1 SYSTEMPATH\View\View.php(201): CodeIgniter\Exceptions\FrameworkException::forInvalidFile('login_page.php')
 2 SYSTEMPATH\Common.php(1184): CodeIgniter\View\View->render('login_page', [], true)
 3 APPPATH\Controllers\Main.php(24): view('login_page')
 4 SYSTEMPATH\CodeIgniter.php(934): App\Controllers\Main->login()
 5 SYSTEMPATH\CodeIgniter.php(499): CodeIgniter\CodeIgniter->runController(Object(App\Controllers\Main))
 6 SYSTEMPATH\CodeIgniter.php(368): CodeIgniter\CodeIgniter->handleRequest(null, Object(Config\Cache), false)
 7 FCPATH\index.php(67): CodeIgniter\CodeIgniter->run()
INFO - 2023-03-31 01:28:46 --> Session: Class initialized using 'CodeIgniter\Session\Handlers\FileHandler' driver.
CRITICAL - 2023-03-31 01:28:46 --> Invalid file: "login_page.php"
in SYSTEMPATH\Exceptions\FrameworkException.php on line 33.
 1 SYSTEMPATH\View\View.php(201): CodeIgniter\Exceptions\FrameworkException::forInvalidFile('login_page.php')
 2 SYSTEMPATH\Common.php(1184): CodeIgniter\View\View->render('login_page', [], true)
 3 APPPATH\Controllers\Main.php(24): view('login_page')
 4 SYSTEMPATH\CodeIgniter.php(934): App\Controllers\Main->login()
 5 SYSTEMPATH\CodeIgniter.php(499): CodeIgniter\CodeIgniter->runController(Object(App\Controllers\Main))
 6 SYSTEMPATH\CodeIgniter.php(368): CodeIgniter\CodeIgniter->handleRequest(null, Object(Config\Cache), false)
 7 FCPATH\index.php(67): CodeIgniter\CodeIgniter->run()
INFO - 2023-03-31 01:29:45 --> Session: Class initialized using 'CodeIgniter\Session\Handlers\FileHandler' driver.
CRITICAL - 2023-03-31 01:29:45 --> Invalid file: "login_page.php"
in SYSTEMPATH\Exceptions\FrameworkException.php on line 33.
 1 SYSTEMPATH\View\View.php(201): CodeIgniter\Exceptions\FrameworkException::forInvalidFile('login_page.php')
 2 SYSTEMPATH\Common.php(1184): CodeIgniter\View\View->render('login_page', [], true)
 3 APPPATH\Controllers\Main.php(24): view('login_page')
 4 SYSTEMPATH\CodeIgniter.php(934): App\Controllers\Main->login()
 5 SYSTEMPATH\CodeIgniter.php(499): CodeIgniter\CodeIgniter->runController(Object(App\Controllers\Main))
 6 SYSTEMPATH\CodeIgniter.php(368): CodeIgniter\CodeIgniter->handleRequest(null, Object(Config\Cache), false)
 7 FCPATH\index.php(67): CodeIgniter\CodeIgniter->run()
INFO - 2023-03-31 01:29:46 --> Session: Class initialized using 'CodeIgniter\Session\Handlers\FileHandler' driver.
CRITICAL - 2023-03-31 01:29:46 --> Invalid file: "login_page.php"
in SYSTEMPATH\Exceptions\FrameworkException.php on line 33.
 1 SYSTEMPATH\View\View.php(201): CodeIgniter\Exceptions\FrameworkException::forInvalidFile('login_page.php')
 2 SYSTEMPATH\Common.php(1184): CodeIgniter\View\View->render('login_page', [], true)
 3 APPPATH\Controllers\Main.php(24): view('login_page')
 4 SYSTEMPATH\CodeIgniter.php(934): App\Controllers\Main->login()
 5 SYSTEMPATH\CodeIgniter.php(499): CodeIgniter\CodeIgniter->runController(Object(App\Controllers\Main))
 6 SYSTEMPATH\CodeIgniter.php(368): CodeIgniter\CodeIgniter->handleRequest(null, Object(Config\Cache), false)
 7 FCPATH\index.php(67): CodeIgniter\CodeIgniter->run()
INFO - 2023-03-31 01:31:43 --> Session: Class initialized using 'CodeIgniter\Session\Handlers\FileHandler' driver.
CRITICAL - 2023-03-31 01:31:43 --> Invalid file: "login_page.php"
in SYSTEMPATH\Exceptions\FrameworkException.php on line 33.
 1 SYSTEMPATH\View\View.php(201): CodeIgniter\Exceptions\FrameworkException::forInvalidFile('login_page.php')
 2 SYSTEMPATH\Common.php(1184): CodeIgniter\View\View->render('login_page', [], true)
 3 APPPATH\Controllers\Main.php(24): view('login_page')
 4 SYSTEMPATH\CodeIgniter.php(934): App\Controllers\Main->login()
 5 SYSTEMPATH\CodeIgniter.php(499): CodeIgniter\CodeIgniter->runController(Object(App\Controllers\Main))
 6 SYSTEMPATH\CodeIgniter.php(368): CodeIgniter\CodeIgniter->handleRequest(null, Object(Config\Cache), false)
 7 FCPATH\index.php(67): CodeIgniter\CodeIgniter->run()
INFO - 2023-03-31 01:36:53 --> Session: Class initialized using 'CodeIgniter\Session\Handlers\FileHandler' driver.
CRITICAL - 2023-03-31 01:36:53 --> Invalid file: "login_page.php"
in SYSTEMPATH\Exceptions\FrameworkException.php on line 33.
 1 SYSTEMPATH\View\View.php(201): CodeIgniter\Exceptions\FrameworkException::forInvalidFile('login_page.php')
 2 SYSTEMPATH\Common.php(1184): CodeIgniter\View\View->render('login_page', [], true)
 3 APPPATH\Controllers\Main.php(24): view('login_page')
 4 SYSTEMPATH\CodeIgniter.php(934): App\Controllers\Main->login()
 5 SYSTEMPATH\CodeIgniter.php(499): CodeIgniter\CodeIgniter->runController(Object(App\Controllers\Main))
 6 SYSTEMPATH\CodeIgniter.php(368): CodeIgniter\CodeIgniter->handleRequest(null, Object(Config\Cache), false)
 7 FCPATH\index.php(67): CodeIgniter\CodeIgniter->run()
INFO - 2023-03-31 01:36:55 --> Session: Class initialized using 'CodeIgniter\Session\Handlers\FileHandler' driver.
CRITICAL - 2023-03-31 01:36:55 --> Invalid file: "login_page.php"
in SYSTEMPATH\Exceptions\FrameworkException.php on line 33.
 1 SYSTEMPATH\View\View.php(201): CodeIgniter\Exceptions\FrameworkException::forInvalidFile('login_page.php')
 2 SYSTEMPATH\Common.php(1184): CodeIgniter\View\View->render('login_page', [], true)
 3 APPPATH\Controllers\Main.php(24): view('login_page')
 4 SYSTEMPATH\CodeIgniter.php(934): App\Controllers\Main->login()
 5 SYSTEMPATH\CodeIgniter.php(499): CodeIgniter\CodeIgniter->runController(Object(App\Controllers\Main))
 6 SYSTEMPATH\CodeIgniter.php(368): CodeIgniter\CodeIgniter->handleRequest(null, Object(Config\Cache), false)
 7 FCPATH\index.php(67): CodeIgniter\CodeIgniter->run()
INFO - 2023-03-31 01:38:15 --> Session: Class initialized using 'CodeIgniter\Session\Handlers\FileHandler' driver.
CRITICAL - 2023-03-31 01:38:15 --> Invalid file: "login_page.php"
in SYSTEMPATH\Exceptions\FrameworkException.php on line 33.
 1 SYSTEMPATH\View\View.php(201): CodeIgniter\Exceptions\FrameworkException::forInvalidFile('login_page.php')
 2 SYSTEMPATH\Common.php(1184): CodeIgniter\View\View->render('login_page', [], true)
 3 APPPATH\Controllers\Main.php(24): view('login_page')
 4 SYSTEMPATH\CodeIgniter.php(934): App\Controllers\Main->login()
 5 SYSTEMPATH\CodeIgniter.php(499): CodeIgniter\CodeIgniter->runController(Object(App\Controllers\Main))
 6 SYSTEMPATH\CodeIgniter.php(368): CodeIgniter\CodeIgniter->handleRequest(null, Object(Config\Cache), false)
 7 FCPATH\index.php(67): CodeIgniter\CodeIgniter->run()
INFO - 2023-03-31 01:42:45 --> Session: Class initialized using 'CodeIgniter\Session\Handlers\FileHandler' driver.
CRITICAL - 2023-03-31 01:42:45 --> Invalid file: "login_page.php"
in SYSTEMPATH\Exceptions\FrameworkException.php on line 33.
 1 SYSTEMPATH\View\View.php(201): CodeIgniter\Exceptions\FrameworkException::forInvalidFile('login_page.php')
 2 SYSTEMPATH\Common.php(1184): CodeIgniter\View\View->render('login_page', [], true)
 3 APPPATH\Controllers\Main.php(24): view('login_page')
 4 SYSTEMPATH\CodeIgniter.php(934): App\Controllers\Main->login()
 5 SYSTEMPATH\CodeIgniter.php(499): CodeIgniter\CodeIgniter->runController(Object(App\Controllers\Main))
 6 SYSTEMPATH\CodeIgniter.php(368): CodeIgniter\CodeIgniter->handleRequest(null, Object(Config\Cache), false)
 7 FCPATH\index.php(67): CodeIgniter\CodeIgniter->run()
INFO - 2023-03-31 01:42:46 --> Session: Class initialized using 'CodeIgniter\Session\Handlers\FileHandler' driver.
CRITICAL - 2023-03-31 01:42:46 --> Invalid file: "login_page.php"
in SYSTEMPATH\Exceptions\FrameworkException.php on line 33.
 1 SYSTEMPATH\View\View.php(201): CodeIgniter\Exceptions\FrameworkException::forInvalidFile('login_page.php')
 2 SYSTEMPATH\Common.php(1184): CodeIgniter\View\View->render('login_page', [], true)
 3 APPPATH\Controllers\Main.php(24): view('login_page')
 4 SYSTEMPATH\CodeIgniter.php(934): App\Controllers\Main->login()
 5 SYSTEMPATH\CodeIgniter.php(499): CodeIgniter\CodeIgniter->runController(Object(App\Controllers\Main))
 6 SYSTEMPATH\CodeIgniter.php(368): CodeIgniter\CodeIgniter->handleRequest(null, Object(Config\Cache), false)
 7 FCPATH\index.php(67): CodeIgniter\CodeIgniter->run()
INFO - 2023-03-31 01:43:56 --> Session: Class initialized using 'CodeIgniter\Session\Handlers\FileHandler' driver.
CRITICAL - 2023-03-31 01:43:56 --> Invalid file: "login_page.php"
in SYSTEMPATH\Exceptions\FrameworkException.php on line 33.
 1 SYSTEMPATH\View\View.php(201): CodeIgniter\Exceptions\FrameworkException::forInvalidFile('login_page.php')
 2 SYSTEMPATH\Common.php(1184): CodeIgniter\View\View->render('login_page', [], true)
 3 APPPATH\Controllers\Main.php(24): view('login_page')
 4 SYSTEMPATH\CodeIgniter.php(934): App\Controllers\Main->login()
 5 SYSTEMPATH\CodeIgniter.php(499): CodeIgniter\CodeIgniter->runController(Object(App\Controllers\Main))
 6 SYSTEMPATH\CodeIgniter.php(368): CodeIgniter\CodeIgniter->handleRequest(null, Object(Config\Cache), false)
 7 FCPATH\index.php(67): CodeIgniter\CodeIgniter->run()
INFO - 2023-03-31 01:43:56 --> Session: Class initialized using 'CodeIgniter\Session\Handlers\FileHandler' driver.
CRITICAL - 2023-03-31 01:43:56 --> Invalid file: "login_page.php"
in SYSTEMPATH\Exceptions\FrameworkException.php on line 33.
 1 SYSTEMPATH\View\View.php(201): CodeIgniter\Exceptions\FrameworkException::forInvalidFile('login_page.php')
 2 SYSTEMPATH\Common.php(1184): CodeIgniter\View\View->render('login_page', [], true)
 3 APPPATH\Controllers\Main.php(24): view('login_page')
 4 SYSTEMPATH\CodeIgniter.php(934): App\Controllers\Main->login()
 5 SYSTEMPATH\CodeIgniter.php(499): CodeIgniter\CodeIgniter->runController(Object(App\Controllers\Main))
 6 SYSTEMPATH\CodeIgniter.php(368): CodeIgniter\CodeIgniter->handleRequest(null, Object(Config\Cache), false)
 7 FCPATH\index.php(67): CodeIgniter\CodeIgniter->run()
INFO - 2023-03-31 01:43:57 --> Session: Class initialized using 'CodeIgniter\Session\Handlers\FileHandler' driver.
CRITICAL - 2023-03-31 01:43:57 --> Invalid file: "login_page.php"
in SYSTEMPATH\Exceptions\FrameworkException.php on line 33.
 1 SYSTEMPATH\View\View.php(201): CodeIgniter\Exceptions\FrameworkException::forInvalidFile('login_page.php')
 2 SYSTEMPATH\Common.php(1184): CodeIgniter\View\View->render('login_page', [], true)
 3 APPPATH\Controllers\Main.php(24): view('login_page')
 4 SYSTEMPATH\CodeIgniter.php(934): App\Controllers\Main->login()
 5 SYSTEMPATH\CodeIgniter.php(499): CodeIgniter\CodeIgniter->runController(Object(App\Controllers\Main))
 6 SYSTEMPATH\CodeIgniter.php(368): CodeIgniter\CodeIgniter->handleRequest(null, Object(Config\Cache), false)
 7 FCPATH\index.php(67): CodeIgniter\CodeIgniter->run()
INFO - 2023-03-31 01:43:57 --> Session: Class initialized using 'CodeIgniter\Session\Handlers\FileHandler' driver.
CRITICAL - 2023-03-31 01:43:57 --> Invalid file: "login_page.php"
in SYSTEMPATH\Exceptions\FrameworkException.php on line 33.
 1 SYSTEMPATH\View\View.php(201): CodeIgniter\Exceptions\FrameworkException::forInvalidFile('login_page.php')
 2 SYSTEMPATH\Common.php(1184): CodeIgniter\View\View->render('login_page', [], true)
 3 APPPATH\Controllers\Main.php(24): view('login_page')
 4 SYSTEMPATH\CodeIgniter.php(934): App\Controllers\Main->login()
 5 SYSTEMPATH\CodeIgniter.php(499): CodeIgniter\CodeIgniter->runController(Object(App\Controllers\Main))
 6 SYSTEMPATH\CodeIgniter.php(368): CodeIgniter\CodeIgniter->handleRequest(null, Object(Config\Cache), false)
 7 FCPATH\index.php(67): CodeIgniter\CodeIgniter->run()
INFO - 2023-03-31 01:43:57 --> Session: Class initialized using 'CodeIgniter\Session\Handlers\FileHandler' driver.
CRITICAL - 2023-03-31 01:43:57 --> Invalid file: "login_page.php"
in SYSTEMPATH\Exceptions\FrameworkException.php on line 33.
 1 SYSTEMPATH\View\View.php(201): CodeIgniter\Exceptions\FrameworkException::forInvalidFile('login_page.php')
 2 SYSTEMPATH\Common.php(1184): CodeIgniter\View\View->render('login_page', [], true)
 3 APPPATH\Controllers\Main.php(24): view('login_page')
 4 SYSTEMPATH\CodeIgniter.php(934): App\Controllers\Main->login()
 5 SYSTEMPATH\CodeIgniter.php(499): CodeIgniter\CodeIgniter->runController(Object(App\Controllers\Main))
 6 SYSTEMPATH\CodeIgniter.php(368): CodeIgniter\CodeIgniter->handleRequest(null, Object(Config\Cache), false)
 7 FCPATH\index.php(67): CodeIgniter\CodeIgniter->run()
INFO - 2023-03-31 01:43:58 --> Session: Class initialized using 'CodeIgniter\Session\Handlers\FileHandler' driver.
CRITICAL - 2023-03-31 01:43:58 --> Invalid file: "login_page.php"
in SYSTEMPATH\Exceptions\FrameworkException.php on line 33.
 1 SYSTEMPATH\View\View.php(201): CodeIgniter\Exceptions\FrameworkException::forInvalidFile('login_page.php')
 2 SYSTEMPATH\Common.php(1184): CodeIgniter\View\View->render('login_page', [], true)
 3 APPPATH\Controllers\Main.php(24): view('login_page')
 4 SYSTEMPATH\CodeIgniter.php(934): App\Controllers\Main->login()
 5 SYSTEMPATH\CodeIgniter.php(499): CodeIgniter\CodeIgniter->runController(Object(App\Controllers\Main))
 6 SYSTEMPATH\CodeIgniter.php(368): CodeIgniter\CodeIgniter->handleRequest(null, Object(Config\Cache), false)
 7 FCPATH\index.php(67): CodeIgniter\CodeIgniter->run()
INFO - 2023-03-31 01:43:58 --> Session: Class initialized using 'CodeIgniter\Session\Handlers\FileHandler' driver.
CRITICAL - 2023-03-31 01:43:58 --> Invalid file: "login_page.php"
in SYSTEMPATH\Exceptions\FrameworkException.php on line 33.
 1 SYSTEMPATH\View\View.php(201): CodeIgniter\Exceptions\FrameworkException::forInvalidFile('login_page.php')
 2 SYSTEMPATH\Common.php(1184): CodeIgniter\View\View->render('login_page', [], true)
 3 APPPATH\Controllers\Main.php(24): view('login_page')
 4 SYSTEMPATH\CodeIgniter.php(934): App\Controllers\Main->login()
 5 SYSTEMPATH\CodeIgniter.php(499): CodeIgniter\CodeIgniter->runController(Object(App\Controllers\Main))
 6 SYSTEMPATH\CodeIgniter.php(368): CodeIgniter\CodeIgniter->handleRequest(null, Object(Config\Cache), false)
 7 FCPATH\index.php(67): CodeIgniter\CodeIgniter->run()
INFO - 2023-03-31 01:44:16 --> Session: Class initialized using 'CodeIgniter\Session\Handlers\FileHandler' driver.
CRITICAL - 2023-03-31 01:44:16 --> Invalid file: "login_page.php"
in SYSTEMPATH\Exceptions\FrameworkException.php on line 33.
 1 SYSTEMPATH\View\View.php(201): CodeIgniter\Exceptions\FrameworkException::forInvalidFile('login_page.php')
 2 SYSTEMPATH\Common.php(1184): CodeIgniter\View\View->render('login_page', [], true)
 3 APPPATH\Controllers\Main.php(24): view('login_page')
 4 SYSTEMPATH\CodeIgniter.php(934): App\Controllers\Main->login()
 5 SYSTEMPATH\CodeIgniter.php(499): CodeIgniter\CodeIgniter->runController(Object(App\Controllers\Main))
 6 SYSTEMPATH\CodeIgniter.php(368): CodeIgniter\CodeIgniter->handleRequest(null, Object(Config\Cache), false)
 7 FCPATH\index.php(67): CodeIgniter\CodeIgniter->run()
INFO - 2023-03-31 01:44:17 --> Session: Class initialized using 'CodeIgniter\Session\Handlers\FileHandler' driver.
CRITICAL - 2023-03-31 01:44:17 --> Invalid file: "login_page.php"
in SYSTEMPATH\Exceptions\FrameworkException.php on line 33.
 1 SYSTEMPATH\View\View.php(201): CodeIgniter\Exceptions\FrameworkException::forInvalidFile('login_page.php')
 2 SYSTEMPATH\Common.php(1184): CodeIgniter\View\View->render('login_page', [], true)
 3 APPPATH\Controllers\Main.php(24): view('login_page')
 4 SYSTEMPATH\CodeIgniter.php(934): App\Controllers\Main->login()
 5 SYSTEMPATH\CodeIgniter.php(499): CodeIgniter\CodeIgniter->runController(Object(App\Controllers\Main))
 6 SYSTEMPATH\CodeIgniter.php(368): CodeIgniter\CodeIgniter->handleRequest(null, Object(Config\Cache), false)
 7 FCPATH\index.php(67): CodeIgniter\CodeIgniter->run()
INFO - 2023-03-31 01:48:12 --> Session: Class initialized using 'CodeIgniter\Session\Handlers\FileHandler' driver.
CRITICAL - 2023-03-31 01:48:12 --> Invalid file: "login_page.php"
in SYSTEMPATH\Exceptions\FrameworkException.php on line 33.
 1 SYSTEMPATH\View\View.php(201): CodeIgniter\Exceptions\FrameworkException::forInvalidFile('login_page.php')
 2 SYSTEMPATH\Common.php(1184): CodeIgniter\View\View->render('login_page', [], true)
 3 APPPATH\Controllers\Main.php(24): view('login_page')
 4 SYSTEMPATH\CodeIgniter.php(934): App\Controllers\Main->login()
 5 SYSTEMPATH\CodeIgniter.php(499): CodeIgniter\CodeIgniter->runController(Object(App\Controllers\Main))
 6 SYSTEMPATH\CodeIgniter.php(368): CodeIgniter\CodeIgniter->handleRequest(null, Object(Config\Cache), false)
 7 FCPATH\index.php(67): CodeIgniter\CodeIgniter->run()
INFO - 2023-03-31 01:48:21 --> Session: Class initialized using 'CodeIgniter\Session\Handlers\FileHandler' driver.
CRITICAL - 2023-03-31 01:48:21 --> Invalid file: "login_page.php"
in SYSTEMPATH\Exceptions\FrameworkException.php on line 33.
 1 SYSTEMPATH\View\View.php(201): CodeIgniter\Exceptions\FrameworkException::forInvalidFile('login_page.php')
 2 SYSTEMPATH\Common.php(1184): CodeIgniter\View\View->render('login_page', [], true)
 3 APPPATH\Controllers\Main.php(24): view('login_page')
 4 SYSTEMPATH\CodeIgniter.php(934): App\Controllers\Main->login()
 5 SYSTEMPATH\CodeIgniter.php(499): CodeIgniter\CodeIgniter->runController(Object(App\Controllers\Main))
 6 SYSTEMPATH\CodeIgniter.php(368): CodeIgniter\CodeIgniter->handleRequest(null, Object(Config\Cache), false)
 7 FCPATH\index.php(67): CodeIgniter\CodeIgniter->run()
INFO - 2023-03-31 01:48:22 --> Session: Class initialized using 'CodeIgniter\Session\Handlers\FileHandler' driver.
CRITICAL - 2023-03-31 01:48:22 --> Invalid file: "login_page.php"
in SYSTEMPATH\Exceptions\FrameworkException.php on line 33.
 1 SYSTEMPATH\View\View.php(201): CodeIgniter\Exceptions\FrameworkException::forInvalidFile('login_page.php')
 2 SYSTEMPATH\Common.php(1184): CodeIgniter\View\View->render('login_page', [], true)
 3 APPPATH\Controllers\Main.php(24): view('login_page')
 4 SYSTEMPATH\CodeIgniter.php(934): App\Controllers\Main->login()
 5 SYSTEMPATH\CodeIgniter.php(499): CodeIgniter\CodeIgniter->runController(Object(App\Controllers\Main))
 6 SYSTEMPATH\CodeIgniter.php(368): CodeIgniter\CodeIgniter->handleRequest(null, Object(Config\Cache), false)
 7 FCPATH\index.php(67): CodeIgniter\CodeIgniter->run()
CRITICAL - 2023-03-31 02:05:37 --> Class "App\Models\db_pages" not found
in APPPATH\Controllers\Main.php on line 36.
 1 SYSTEMPATH\CodeIgniter.php(934): App\Controllers\Main->process('login')
 2 SYSTEMPATH\CodeIgniter.php(499): CodeIgniter\CodeIgniter->runController(Object(App\Controllers\Main))
 3 SYSTEMPATH\CodeIgniter.php(368): CodeIgniter\CodeIgniter->handleRequest(null, Object(Config\Cache), false)
 4 FCPATH\index.php(67): CodeIgniter\CodeIgniter->run()
CRITICAL - 2023-03-31 02:05:44 --> Class "App\Models\db_pages" not found
in APPPATH\Controllers\Main.php on line 36.
 1 SYSTEMPATH\CodeIgniter.php(934): App\Controllers\Main->process('login')
 2 SYSTEMPATH\CodeIgniter.php(499): CodeIgniter\CodeIgniter->runController(Object(App\Controllers\Main))
 3 SYSTEMPATH\CodeIgniter.php(368): CodeIgniter\CodeIgniter->handleRequest(null, Object(Config\Cache), false)
 4 FCPATH\index.php(67): CodeIgniter\CodeIgniter->run()
CRITICAL - 2023-03-31 02:07:39 --> Class "App\Models\db_pages" not found
in APPPATH\Controllers\Main.php on line 36.
 1 SYSTEMPATH\CodeIgniter.php(934): App\Controllers\Main->process('login')
 2 SYSTEMPATH\CodeIgniter.php(499): CodeIgniter\CodeIgniter->runController(Object(App\Controllers\Main))
 3 SYSTEMPATH\CodeIgniter.php(368): CodeIgniter\CodeIgniter->handleRequest(null, Object(Config\Cache), false)
 4 FCPATH\index.php(67): CodeIgniter\CodeIgniter->run()
CRITICAL - 2023-03-31 02:07:40 --> Class "App\Models\db_pages" not found
in APPPATH\Controllers\Main.php on line 36.
 1 SYSTEMPATH\CodeIgniter.php(934): App\Controllers\Main->process('login')
 2 SYSTEMPATH\CodeIgniter.php(499): CodeIgniter\CodeIgniter->runController(Object(App\Controllers\Main))
 3 SYSTEMPATH\CodeIgniter.php(368): CodeIgniter\CodeIgniter->handleRequest(null, Object(Config\Cache), false)
 4 FCPATH\index.php(67): CodeIgniter\CodeIgniter->run()
CRITICAL - 2023-03-31 02:08:56 --> Class "App\Models\db_pages" not found
in APPPATH\Controllers\Main.php on line 36.
 1 SYSTEMPATH\CodeIgniter.php(934): App\Controllers\Main->process('login')
 2 SYSTEMPATH\CodeIgniter.php(499): CodeIgniter\CodeIgniter->runController(Object(App\Controllers\Main))
 3 SYSTEMPATH\CodeIgniter.php(368): CodeIgniter\CodeIgniter->handleRequest(null, Object(Config\Cache), false)
 4 FCPATH\index.php(67): CodeIgniter\CodeIgniter->run()
CRITICAL - 2023-03-31 02:09:00 --> Class "App\Models\db_pages" not found
in APPPATH\Controllers\Main.php on line 36.
 1 SYSTEMPATH\CodeIgniter.php(934): App\Controllers\Main->process('login')
 2 SYSTEMPATH\CodeIgniter.php(499): CodeIgniter\CodeIgniter->runController(Object(App\Controllers\Main))
 3 SYSTEMPATH\CodeIgniter.php(368): CodeIgniter\CodeIgniter->handleRequest(null, Object(Config\Cache), false)
 4 FCPATH\index.php(67): CodeIgniter\CodeIgniter->run()
ERROR - 2023-03-31 02:09:12 --> mysqli_sql_exception: Table 'cms.users' doesn't exist in C:\xampp\htdocs\binan\system\Database\MySQLi\Connection.php:295
Stack trace:
#0 C:\xampp\htdocs\binan\system\Database\MySQLi\Connection.php(295): mysqli->query('SELECT *\nFROM `...', 0)
#1 C:\xampp\htdocs\binan\system\Database\BaseConnection.php(691): CodeIgniter\Database\MySQLi\Connection->execute('SELECT *\nFROM `...')
#2 C:\xampp\htdocs\binan\system\Database\BaseConnection.php(605): CodeIgniter\Database\BaseConnection->simpleQuery('SELECT *\nFROM `...')
#3 C:\xampp\htdocs\binan\system\Database\BaseBuilder.php(1616): CodeIgniter\Database\BaseConnection->query('SELECT *\nFROM `...', Array, false)
#4 C:\xampp\htdocs\binan\system\Model.php(241): CodeIgniter\Database\BaseBuilder->get()
#5 C:\xampp\htdocs\binan\system\BaseModel.php(618): CodeIgniter\Model->doFindAll(0, 0)
#6 C:\xampp\htdocs\binan\app\Controllers\Main.php(43): CodeIgniter\BaseModel->findAll()
#7 C:\xampp\htdocs\binan\system\CodeIgniter.php(934): App\Controllers\Main->process('login')
#8 C:\xampp\htdocs\binan\system\CodeIgniter.php(499): CodeIgniter\CodeIgniter->runController(Object(App\Controllers\Main))
#9 C:\xampp\htdocs\binan\system\CodeIgniter.php(368): CodeIgniter\CodeIgniter->handleRequest(NULL, Object(Config\Cache), false)
#10 C:\xampp\htdocs\binan\public\index.php(67): CodeIgniter\CodeIgniter->run()
#11 {main}
CRITICAL - 2023-03-31 02:09:12 --> Table 'cms.users' doesn't exist
in SYSTEMPATH\Database\BaseConnection.php on line 645.
 1 SYSTEMPATH\Database\BaseBuilder.php(1616): CodeIgniter\Database\BaseConnection->query('SELECT *
FROM `users`
WHERE `username` IS NULL
AND `passw` IS NULL', [], false)
 2 SYSTEMPATH\Model.php(241): CodeIgniter\Database\BaseBuilder->get()
 3 SYSTEMPATH\BaseModel.php(618): CodeIgniter\Model->doFindAll(0, 0)
 4 APPPATH\Controllers\Main.php(43): CodeIgniter\BaseModel->findAll()
 5 SYSTEMPATH\CodeIgniter.php(934): App\Controllers\Main->process('login')
 6 SYSTEMPATH\CodeIgniter.php(499): CodeIgniter\CodeIgniter->runController(Object(App\Controllers\Main))
 7 SYSTEMPATH\CodeIgniter.php(368): CodeIgniter\CodeIgniter->handleRequest(null, Object(Config\Cache), false)
 8 FCPATH\index.php(67): CodeIgniter\CodeIgniter->run()
ERROR - 2023-03-31 02:09:14 --> mysqli_sql_exception: Table 'cms.users' doesn't exist in C:\xampp\htdocs\binan\system\Database\MySQLi\Connection.php:295
Stack trace:
#0 C:\xampp\htdocs\binan\system\Database\MySQLi\Connection.php(295): mysqli->query('SELECT *\nFROM `...', 0)
#1 C:\xampp\htdocs\binan\system\Database\BaseConnection.php(691): CodeIgniter\Database\MySQLi\Connection->execute('SELECT *\nFROM `...')
#2 C:\xampp\htdocs\binan\system\Database\BaseConnection.php(605): CodeIgniter\Database\BaseConnection->simpleQuery('SELECT *\nFROM `...')
#3 C:\xampp\htdocs\binan\system\Database\BaseBuilder.php(1616): CodeIgniter\Database\BaseConnection->query('SELECT *\nFROM `...', Array, false)
#4 C:\xampp\htdocs\binan\system\Model.php(241): CodeIgniter\Database\BaseBuilder->get()
#5 C:\xampp\htdocs\binan\system\BaseModel.php(618): CodeIgniter\Model->doFindAll(0, 0)
#6 C:\xampp\htdocs\binan\app\Controllers\Main.php(43): CodeIgniter\BaseModel->findAll()
#7 C:\xampp\htdocs\binan\system\CodeIgniter.php(934): App\Controllers\Main->process('login')
#8 C:\xampp\htdocs\binan\system\CodeIgniter.php(499): CodeIgniter\CodeIgniter->runController(Object(App\Controllers\Main))
#9 C:\xampp\htdocs\binan\system\CodeIgniter.php(368): CodeIgniter\CodeIgniter->handleRequest(NULL, Object(Config\Cache), false)
#10 C:\xampp\htdocs\binan\public\index.php(67): CodeIgniter\CodeIgniter->run()
#11 {main}
CRITICAL - 2023-03-31 02:09:14 --> Table 'cms.users' doesn't exist
in SYSTEMPATH\Database\BaseConnection.php on line 645.
 1 SYSTEMPATH\Database\BaseBuilder.php(1616): CodeIgniter\Database\BaseConnection->query('SELECT *
FROM `users`
WHERE `username` IS NULL
AND `passw` IS NULL', [], false)
 2 SYSTEMPATH\Model.php(241): CodeIgniter\Database\BaseBuilder->get()
 3 SYSTEMPATH\BaseModel.php(618): CodeIgniter\Model->doFindAll(0, 0)
 4 APPPATH\Controllers\Main.php(43): CodeIgniter\BaseModel->findAll()
 5 SYSTEMPATH\CodeIgniter.php(934): App\Controllers\Main->process('login')
 6 SYSTEMPATH\CodeIgniter.php(499): CodeIgniter\CodeIgniter->runController(Object(App\Controllers\Main))
 7 SYSTEMPATH\CodeIgniter.php(368): CodeIgniter\CodeIgniter->handleRequest(null, Object(Config\Cache), false)
 8 FCPATH\index.php(67): CodeIgniter\CodeIgniter->run()
INFO - 2023-03-31 02:16:57 --> Session: Class initialized using 'CodeIgniter\Session\Handlers\FileHandler' driver.
CRITICAL - 2023-03-31 02:16:57 --> Invalid file: "login_page.php"
in SYSTEMPATH\Exceptions\FrameworkException.php on line 33.
 1 SYSTEMPATH\View\View.php(201): CodeIgniter\Exceptions\FrameworkException::forInvalidFile('login_page.php')
 2 SYSTEMPATH\Common.php(1184): CodeIgniter\View\View->render('login_page', [], true)
 3 APPPATH\Controllers\Main.php(24): view('login_page')
 4 SYSTEMPATH\CodeIgniter.php(934): App\Controllers\Main->login()
 5 SYSTEMPATH\CodeIgniter.php(499): CodeIgniter\CodeIgniter->runController(Object(App\Controllers\Main))
 6 SYSTEMPATH\CodeIgniter.php(368): CodeIgniter\CodeIgniter->handleRequest(null, Object(Config\Cache), false)
 7 FCPATH\index.php(67): CodeIgniter\CodeIgniter->run()
INFO - 2023-03-31 02:16:58 --> Session: Class initialized using 'CodeIgniter\Session\Handlers\FileHandler' driver.
CRITICAL - 2023-03-31 02:16:58 --> Invalid file: "login_page.php"
in SYSTEMPATH\Exceptions\FrameworkException.php on line 33.
 1 SYSTEMPATH\View\View.php(201): CodeIgniter\Exceptions\FrameworkException::forInvalidFile('login_page.php')
 2 SYSTEMPATH\Common.php(1184): CodeIgniter\View\View->render('login_page', [], true)
 3 APPPATH\Controllers\Main.php(24): view('login_page')
 4 SYSTEMPATH\CodeIgniter.php(934): App\Controllers\Main->login()
 5 SYSTEMPATH\CodeIgniter.php(499): CodeIgniter\CodeIgniter->runController(Object(App\Controllers\Main))
 6 SYSTEMPATH\CodeIgniter.php(368): CodeIgniter\CodeIgniter->handleRequest(null, Object(Config\Cache), false)
 7 FCPATH\index.php(67): CodeIgniter\CodeIgniter->run()
INFO - 2023-03-31 02:18:09 --> Session: Class initialized using 'CodeIgniter\Session\Handlers\FileHandler' driver.
CRITICAL - 2023-03-31 02:18:09 --> Invalid file: "login_page.php"
in SYSTEMPATH\Exceptions\FrameworkException.php on line 33.
 1 SYSTEMPATH\View\View.php(201): CodeIgniter\Exceptions\FrameworkException::forInvalidFile('login_page.php')
 2 SYSTEMPATH\Common.php(1184): CodeIgniter\View\View->render('login_page', [], true)
 3 APPPATH\Controllers\Main.php(24): view('login_page')
 4 SYSTEMPATH\CodeIgniter.php(934): App\Controllers\Main->login()
 5 SYSTEMPATH\CodeIgniter.php(499): CodeIgniter\CodeIgniter->runController(Object(App\Controllers\Main))
 6 SYSTEMPATH\CodeIgniter.php(368): CodeIgniter\CodeIgniter->handleRequest(null, Object(Config\Cache), false)
 7 FCPATH\index.php(67): CodeIgniter\CodeIgniter->run()
INFO - 2023-03-31 02:18:10 --> Session: Class initialized using 'CodeIgniter\Session\Handlers\FileHandler' driver.
CRITICAL - 2023-03-31 02:18:10 --> Invalid file: "login_page.php"
in SYSTEMPATH\Exceptions\FrameworkException.php on line 33.
 1 SYSTEMPATH\View\View.php(201): CodeIgniter\Exceptions\FrameworkException::forInvalidFile('login_page.php')
 2 SYSTEMPATH\Common.php(1184): CodeIgniter\View\View->render('login_page', [], true)
 3 APPPATH\Controllers\Main.php(24): view('login_page')
 4 SYSTEMPATH\CodeIgniter.php(934): App\Controllers\Main->login()
 5 SYSTEMPATH\CodeIgniter.php(499): CodeIgniter\CodeIgniter->runController(Object(App\Controllers\Main))
 6 SYSTEMPATH\CodeIgniter.php(368): CodeIgniter\CodeIgniter->handleRequest(null, Object(Config\Cache), false)
 7 FCPATH\index.php(67): CodeIgniter\CodeIgniter->run()
INFO - 2023-03-31 02:18:52 --> Session: Class initialized using 'CodeIgniter\Session\Handlers\FileHandler' driver.
CRITICAL - 2023-03-31 02:18:52 --> Invalid file: "login_page.php"
in SYSTEMPATH\Exceptions\FrameworkException.php on line 33.
 1 SYSTEMPATH\View\View.php(201): CodeIgniter\Exceptions\FrameworkException::forInvalidFile('login_page.php')
 2 SYSTEMPATH\Common.php(1184): CodeIgniter\View\View->render('login_page', [], true)
 3 APPPATH\Controllers\Main.php(24): view('login_page')
 4 SYSTEMPATH\CodeIgniter.php(934): App\Controllers\Main->login()
 5 SYSTEMPATH\CodeIgniter.php(499): CodeIgniter\CodeIgniter->runController(Object(App\Controllers\Main))
 6 SYSTEMPATH\CodeIgniter.php(368): CodeIgniter\CodeIgniter->handleRequest(null, Object(Config\Cache), false)
 7 FCPATH\index.php(67): CodeIgniter\CodeIgniter->run()
CRITICAL - 2023-03-31 02:28:35 --> Invalid file: "login_page.php"
in SYSTEMPATH\Exceptions\FrameworkException.php on line 33.
 1 SYSTEMPATH\View\View.php(201): CodeIgniter\Exceptions\FrameworkException::forInvalidFile('login_page.php')
 2 SYSTEMPATH\Common.php(1184): CodeIgniter\View\View->render('login_page', [], true)
 3 APPPATH\Controllers\Main.php(21): view('login_page')
 4 SYSTEMPATH\CodeIgniter.php(934): App\Controllers\Main->login()
 5 SYSTEMPATH\CodeIgniter.php(499): CodeIgniter\CodeIgniter->runController(Object(App\Controllers\Main))
 6 SYSTEMPATH\CodeIgniter.php(368): CodeIgniter\CodeIgniter->handleRequest(null, Object(Config\Cache), false)
 7 FCPATH\index.php(67): CodeIgniter\CodeIgniter->run()
CRITICAL - 2023-03-31 02:31:11 --> Invalid file: "login_page.php"
in SYSTEMPATH\Exceptions\FrameworkException.php on line 33.
 1 SYSTEMPATH\View\View.php(201): CodeIgniter\Exceptions\FrameworkException::forInvalidFile('login_page.php')
 2 SYSTEMPATH\Common.php(1184): CodeIgniter\View\View->render('login_page', [], true)
 3 APPPATH\Controllers\Main.php(21): view('login_page')
 4 SYSTEMPATH\CodeIgniter.php(934): App\Controllers\Main->login()
 5 SYSTEMPATH\CodeIgniter.php(499): CodeIgniter\CodeIgniter->runController(Object(App\Controllers\Main))
 6 SYSTEMPATH\CodeIgniter.php(368): CodeIgniter\CodeIgniter->handleRequest(null, Object(Config\Cache), false)
 7 FCPATH\index.php(67): CodeIgniter\CodeIgniter->run()
CRITICAL - 2023-03-31 02:31:29 --> Invalid file: "login_page.php"
in SYSTEMPATH\Exceptions\FrameworkException.php on line 33.
 1 SYSTEMPATH\View\View.php(201): CodeIgniter\Exceptions\FrameworkException::forInvalidFile('login_page.php')
 2 SYSTEMPATH\Common.php(1184): CodeIgniter\View\View->render('login_page', [], true)
 3 APPPATH\Controllers\Main.php(21): view('login_page')
 4 SYSTEMPATH\CodeIgniter.php(934): App\Controllers\Main->login()
 5 SYSTEMPATH\CodeIgniter.php(499): CodeIgniter\CodeIgniter->runController(Object(App\Controllers\Main))
 6 SYSTEMPATH\CodeIgniter.php(368): CodeIgniter\CodeIgniter->handleRequest(null, Object(Config\Cache), false)
 7 FCPATH\index.php(67): CodeIgniter\CodeIgniter->run()
CRITICAL - 2023-03-31 02:34:22 --> Invalid file: "login_page.php"
in SYSTEMPATH\Exceptions\FrameworkException.php on line 33.
 1 SYSTEMPATH\View\View.php(201): CodeIgniter\Exceptions\FrameworkException::forInvalidFile('login_page.php')
 2 SYSTEMPATH\Common.php(1184): CodeIgniter\View\View->render('login_page', [], true)
 3 APPPATH\Controllers\Main.php(21): view('login_page')
 4 SYSTEMPATH\CodeIgniter.php(934): App\Controllers\Main->login()
 5 SYSTEMPATH\CodeIgniter.php(499): CodeIgniter\CodeIgniter->runController(Object(App\Controllers\Main))
 6 SYSTEMPATH\CodeIgniter.php(368): CodeIgniter\CodeIgniter->handleRequest(null, Object(Config\Cache), false)
 7 FCPATH\index.php(67): CodeIgniter\CodeIgniter->run()
CRITICAL - 2023-03-31 08:52:43 --> syntax error, unexpected token ";"
in APPPATH\Controllers\Main.php on line 31.
 1 SYSTEMPATH\Autoloader\Autoloader.php(289): CodeIgniter\Autoloader\Autoloader->includeFile('APPPATH\\Controllers\\Main.php')
 2 SYSTEMPATH\Autoloader\Autoloader.php(267): CodeIgniter\Autoloader\Autoloader->loadInNamespace('App\\Controllers\\Main')
 3 [internal function]: CodeIgniter\Autoloader\Autoloader->loadClass('App\\Controllers\\Main')
 4 SYSTEMPATH\CodeIgniter.php(892): class_exists('\\App\\Controllers\\Main', true)
 5 SYSTEMPATH\CodeIgniter.php(486): CodeIgniter\CodeIgniter->startController()
 6 SYSTEMPATH\CodeIgniter.php(368): CodeIgniter\CodeIgniter->handleRequest(null, Object(Config\Cache), false)
 7 FCPATH\index.php(67): CodeIgniter\CodeIgniter->run()
CRITICAL - 2023-03-31 09:25:46 --> Undefined property: CodeIgniter\Autoloader\Autoloader::$request
in APPPATH\Controllers\Main.php on line 29.
 1 APPPATH\Controllers\Main.php(29): CodeIgniter\Debug\Exceptions->errorHandler(2, 'Undefined property: CodeIgniter\\Autoloader\\Autoloader::$request', 'APPPATH\\Controllers\\Main.php', 29)
 2 SYSTEMPATH\Autoloader\Autoloader.php(312): include_once('APPPATH\\Controllers\\Main.php')
 3 SYSTEMPATH\Autoloader\Autoloader.php(289): CodeIgniter\Autoloader\Autoloader->includeFile('APPPATH\\Controllers\\Main.php')
 4 SYSTEMPATH\Autoloader\Autoloader.php(267): CodeIgniter\Autoloader\Autoloader->loadInNamespace('App\\Controllers\\Main')
 5 [internal function]: CodeIgniter\Autoloader\Autoloader->loadClass('App\\Controllers\\Main')
 6 SYSTEMPATH\CodeIgniter.php(892): class_exists('\\App\\Controllers\\Main', true)
 7 SYSTEMPATH\CodeIgniter.php(486): CodeIgniter\CodeIgniter->startController()
 8 SYSTEMPATH\CodeIgniter.php(368): CodeIgniter\CodeIgniter->handleRequest(null, Object(Config\Cache), false)
 9 FCPATH\index.php(67): CodeIgniter\CodeIgniter->run()
CRITICAL - 2023-03-31 09:28:50 --> Undefined property: CodeIgniter\Autoloader\Autoloader::$request
in APPPATH\Controllers\Main.php on line 29.
 1 APPPATH\Controllers\Main.php(29): CodeIgniter\Debug\Exceptions->errorHandler(2, 'Undefined property: CodeIgniter\\Autoloader\\Autoloader::$request', 'APPPATH\\Controllers\\Main.php', 29)
 2 SYSTEMPATH\Autoloader\Autoloader.php(312): include_once('APPPATH\\Controllers\\Main.php')
 3 SYSTEMPATH\Autoloader\Autoloader.php(289): CodeIgniter\Autoloader\Autoloader->includeFile('APPPATH\\Controllers\\Main.php')
 4 SYSTEMPATH\Autoloader\Autoloader.php(267): CodeIgniter\Autoloader\Autoloader->loadInNamespace('App\\Controllers\\Main')
 5 [internal function]: CodeIgniter\Autoloader\Autoloader->loadClass('App\\Controllers\\Main')
 6 SYSTEMPATH\CodeIgniter.php(892): class_exists('\\App\\Controllers\\Main', true)
 7 SYSTEMPATH\CodeIgniter.php(486): CodeIgniter\CodeIgniter->startController()
 8 SYSTEMPATH\CodeIgniter.php(368): CodeIgniter\CodeIgniter->handleRequest(null, Object(Config\Cache), false)
 9 FCPATH\index.php(67): CodeIgniter\CodeIgniter->run()
ERROR - 2023-03-31 10:18:53 --> mysqli_sql_exception: Unknown column 'titleheader' in 'field list' in C:\xampp\htdocs\binan\system\Database\MySQLi\Connection.php:295
Stack trace:
#0 C:\xampp\htdocs\binan\system\Database\MySQLi\Connection.php(295): mysqli->query('INSERT INTO `he...', 0)
#1 C:\xampp\htdocs\binan\system\Database\BaseConnection.php(691): CodeIgniter\Database\MySQLi\Connection->execute('INSERT INTO `he...')
#2 C:\xampp\htdocs\binan\system\Database\BaseConnection.php(605): CodeIgniter\Database\BaseConnection->simpleQuery('INSERT INTO `he...')
#3 C:\xampp\htdocs\binan\system\Database\BaseBuilder.php(2309): CodeIgniter\Database\BaseConnection->query('INSERT INTO `he...', Array, false)
#4 C:\xampp\htdocs\binan\system\Model.php(330): CodeIgniter\Database\BaseBuilder->insert()
#5 C:\xampp\htdocs\binan\system\BaseModel.php(782): CodeIgniter\Model->doInsert(Array)
#6 C:\xampp\htdocs\binan\system\Model.php(730): CodeIgniter\BaseModel->insert(Array, false)
#7 C:\xampp\htdocs\binan\system\BaseModel.php(692): CodeIgniter\Model->insert(Array, false)
#8 C:\xampp\htdocs\binan\app\Controllers\Main.php(37): CodeIgniter\BaseModel->save(Array)
#9 C:\xampp\htdocs\binan\system\CodeIgniter.php(934): App\Controllers\Main->process('up')
#10 C:\xampp\htdocs\binan\system\CodeIgniter.php(499): CodeIgniter\CodeIgniter->runController(Object(App\Controllers\Main))
#11 C:\xampp\htdocs\binan\system\CodeIgniter.php(368): CodeIgniter\CodeIgniter->handleRequest(NULL, Object(Config\Cache), false)
#12 C:\xampp\htdocs\binan\public\index.php(67): CodeIgniter\CodeIgniter->run()
#13 {main}
CRITICAL - 2023-03-31 10:18:53 --> Unknown column 'titleheader' in 'field list'
in SYSTEMPATH\Database\BaseConnection.php on line 645.
 1 SYSTEMPATH\Database\BaseBuilder.php(2309): CodeIgniter\Database\BaseConnection->query('INSERT INTO `headers` (`titleheader`) VALUES (:titleheader:)', [...], false)
 2 SYSTEMPATH\Model.php(330): CodeIgniter\Database\BaseBuilder->insert()
 3 SYSTEMPATH\BaseModel.php(782): CodeIgniter\Model->doInsert([...])
 4 SYSTEMPATH\Model.php(730): CodeIgniter\BaseModel->insert([...], false)
 5 SYSTEMPATH\BaseModel.php(692): CodeIgniter\Model->insert([...], false)
 6 APPPATH\Controllers\Main.php(37): CodeIgniter\BaseModel->save([...])
 7 SYSTEMPATH\CodeIgniter.php(934): App\Controllers\Main->process('up')
 8 SYSTEMPATH\CodeIgniter.php(499): CodeIgniter\CodeIgniter->runController(Object(App\Controllers\Main))
 9 SYSTEMPATH\CodeIgniter.php(368): CodeIgniter\CodeIgniter->handleRequest(null, Object(Config\Cache), false)
10 FCPATH\index.php(67): CodeIgniter\CodeIgniter->run()
CRITICAL - 2023-03-31 10:37:45 --> Class "App\Models\footerdb" not found
in APPPATH\Controllers\Main.php on line 51.
 1 SYSTEMPATH\CodeIgniter.php(934): App\Controllers\Main->process('changefooter')
 2 SYSTEMPATH\CodeIgniter.php(499): CodeIgniter\CodeIgniter->runController(Object(App\Controllers\Main))
 3 SYSTEMPATH\CodeIgniter.php(368): CodeIgniter\CodeIgniter->handleRequest(null, Object(Config\Cache), false)
 4 FCPATH\index.php(67): CodeIgniter\CodeIgniter->run()
ERROR - 2023-03-31 22:00:09 --> mysqli_sql_exception: Table 'cms.header' doesn't exist in C:\xampp\htdocs\binan\system\Database\MySQLi\Connection.php:295
Stack trace:
#0 C:\xampp\htdocs\binan\system\Database\MySQLi\Connection.php(295): mysqli->query('SELECT * FROM `...', 0)
#1 C:\xampp\htdocs\binan\system\Database\BaseConnection.php(691): CodeIgniter\Database\MySQLi\Connection->execute('SELECT * FROM `...')
#2 C:\xampp\htdocs\binan\system\Database\BaseConnection.php(605): CodeIgniter\Database\BaseConnection->simpleQuery('SELECT * FROM `...')
#3 C:\xampp\htdocs\binan\app\Views\quill_js.php(57): CodeIgniter\Database\BaseConnection->query('SELECT * FROM `...')
#4 C:\xampp\htdocs\binan\system\View\View.php(213): include('C:\\xampp\\htdocs...')
#5 C:\xampp\htdocs\binan\system\View\View.php(216): CodeIgniter\View\View->CodeIgniter\View\{closure}()
#6 C:\xampp\htdocs\binan\system\Common.php(1184): CodeIgniter\View\View->render('quill_js', Array, true)
#7 C:\xampp\htdocs\binan\app\Controllers\Main.php(15): view('quill_js')
#8 C:\xampp\htdocs\binan\system\CodeIgniter.php(934): App\Controllers\Main->editor()
#9 C:\xampp\htdocs\binan\system\CodeIgniter.php(499): CodeIgniter\CodeIgniter->runController(Object(App\Controllers\Main))
#10 C:\xampp\htdocs\binan\system\CodeIgniter.php(368): CodeIgniter\CodeIgniter->handleRequest(NULL, Object(Config\Cache), false)
#11 C:\xampp\htdocs\binan\public\index.php(67): CodeIgniter\CodeIgniter->run()
#12 {main}
CRITICAL - 2023-03-31 22:00:09 --> Table 'cms.header' doesn't exist
in SYSTEMPATH\Database\BaseConnection.php on line 645.
 1 APPPATH\Views\quill_js.php(57): CodeIgniter\Database\BaseConnection->query('SELECT * FROM `header`')
 2 SYSTEMPATH\View\View.php(213): include('APPPATH\\Views\\quill_js.php')
 3 SYSTEMPATH\View\View.php(216): CodeIgniter\View\View->CodeIgniter\View\{closure}()
 4 SYSTEMPATH\Common.php(1184): CodeIgniter\View\View->render('quill_js', [], true)
 5 APPPATH\Controllers\Main.php(15): view('quill_js')
 6 SYSTEMPATH\CodeIgniter.php(934): App\Controllers\Main->editor()
 7 SYSTEMPATH\CodeIgniter.php(499): CodeIgniter\CodeIgniter->runController(Object(App\Controllers\Main))
 8 SYSTEMPATH\CodeIgniter.php(368): CodeIgniter\CodeIgniter->handleRequest(null, Object(Config\Cache), false)
 9 FCPATH\index.php(67): CodeIgniter\CodeIgniter->run()
ERROR - 2023-03-31 22:00:19 --> mysqli_sql_exception: Table 'cms.header' doesn't exist in C:\xampp\htdocs\binan\system\Database\MySQLi\Connection.php:295
Stack trace:
#0 C:\xampp\htdocs\binan\system\Database\MySQLi\Connection.php(295): mysqli->query('SELECT * FROM `...', 0)
#1 C:\xampp\htdocs\binan\system\Database\BaseConnection.php(691): CodeIgniter\Database\MySQLi\Connection->execute('SELECT * FROM `...')
#2 C:\xampp\htdocs\binan\system\Database\BaseConnection.php(605): CodeIgniter\Database\BaseConnection->simpleQuery('SELECT * FROM `...')
#3 C:\xampp\htdocs\binan\app\Views\quill_js.php(57): CodeIgniter\Database\BaseConnection->query('SELECT * FROM `...')
#4 C:\xampp\htdocs\binan\system\View\View.php(213): include('C:\\xampp\\htdocs...')
#5 C:\xampp\htdocs\binan\system\View\View.php(216): CodeIgniter\View\View->CodeIgniter\View\{closure}()
#6 C:\xampp\htdocs\binan\system\Common.php(1184): CodeIgniter\View\View->render('quill_js', Array, true)
#7 C:\xampp\htdocs\binan\app\Controllers\Main.php(15): view('quill_js')
#8 C:\xampp\htdocs\binan\system\CodeIgniter.php(934): App\Controllers\Main->editor()
#9 C:\xampp\htdocs\binan\system\CodeIgniter.php(499): CodeIgniter\CodeIgniter->runController(Object(App\Controllers\Main))
#10 C:\xampp\htdocs\binan\system\CodeIgniter.php(368): CodeIgniter\CodeIgniter->handleRequest(NULL, Object(Config\Cache), false)
#11 C:\xampp\htdocs\binan\public\index.php(67): CodeIgniter\CodeIgniter->run()
#12 {main}
CRITICAL - 2023-03-31 22:00:19 --> Table 'cms.header' doesn't exist
in SYSTEMPATH\Database\BaseConnection.php on line 645.
 1 APPPATH\Views\quill_js.php(57): CodeIgniter\Database\BaseConnection->query('SELECT * FROM `header`')
 2 SYSTEMPATH\View\View.php(213): include('APPPATH\\Views\\quill_js.php')
 3 SYSTEMPATH\View\View.php(216): CodeIgniter\View\View->CodeIgniter\View\{closure}()
 4 SYSTEMPATH\Common.php(1184): CodeIgniter\View\View->render('quill_js', [], true)
 5 APPPATH\Controllers\Main.php(15): view('quill_js')
 6 SYSTEMPATH\CodeIgniter.php(934): App\Controllers\Main->editor()
 7 SYSTEMPATH\CodeIgniter.php(499): CodeIgniter\CodeIgniter->runController(Object(App\Controllers\Main))
 8 SYSTEMPATH\CodeIgniter.php(368): CodeIgniter\CodeIgniter->handleRequest(null, Object(Config\Cache), false)
 9 FCPATH\index.php(67): CodeIgniter\CodeIgniter->run()
ERROR - 2023-03-31 22:00:44 --> mysqli_sql_exception: Table 'cms.header' doesn't exist in C:\xampp\htdocs\binan\system\Database\MySQLi\Connection.php:295
Stack trace:
#0 C:\xampp\htdocs\binan\system\Database\MySQLi\Connection.php(295): mysqli->query('SELECT * FROM `...', 0)
#1 C:\xampp\htdocs\binan\system\Database\BaseConnection.php(691): CodeIgniter\Database\MySQLi\Connection->execute('SELECT * FROM `...')
#2 C:\xampp\htdocs\binan\system\Database\BaseConnection.php(605): CodeIgniter\Database\BaseConnection->simpleQuery('SELECT * FROM `...')
#3 C:\xampp\htdocs\binan\app\Views\quill_js.php(57): CodeIgniter\Database\BaseConnection->query('SELECT * FROM `...')
#4 C:\xampp\htdocs\binan\system\View\View.php(213): include('C:\\xampp\\htdocs...')
#5 C:\xampp\htdocs\binan\system\View\View.php(216): CodeIgniter\View\View->CodeIgniter\View\{closure}()
#6 C:\xampp\htdocs\binan\system\Common.php(1184): CodeIgniter\View\View->render('quill_js', Array, true)
#7 C:\xampp\htdocs\binan\app\Controllers\Main.php(15): view('quill_js')
#8 C:\xampp\htdocs\binan\system\CodeIgniter.php(934): App\Controllers\Main->editor()
#9 C:\xampp\htdocs\binan\system\CodeIgniter.php(499): CodeIgniter\CodeIgniter->runController(Object(App\Controllers\Main))
#10 C:\xampp\htdocs\binan\system\CodeIgniter.php(368): CodeIgniter\CodeIgniter->handleRequest(NULL, Object(Config\Cache), false)
#11 C:\xampp\htdocs\binan\public\index.php(67): CodeIgniter\CodeIgniter->run()
#12 {main}
CRITICAL - 2023-03-31 22:00:44 --> Table 'cms.header' doesn't exist
in SYSTEMPATH\Database\BaseConnection.php on line 645.
 1 APPPATH\Views\quill_js.php(57): CodeIgniter\Database\BaseConnection->query('SELECT * FROM `header`')
 2 SYSTEMPATH\View\View.php(213): include('APPPATH\\Views\\quill_js.php')
 3 SYSTEMPATH\View\View.php(216): CodeIgniter\View\View->CodeIgniter\View\{closure}()
 4 SYSTEMPATH\Common.php(1184): CodeIgniter\View\View->render('quill_js', [], true)
 5 APPPATH\Controllers\Main.php(15): view('quill_js')
 6 SYSTEMPATH\CodeIgniter.php(934): App\Controllers\Main->editor()
 7 SYSTEMPATH\CodeIgniter.php(499): CodeIgniter\CodeIgniter->runController(Object(App\Controllers\Main))
 8 SYSTEMPATH\CodeIgniter.php(368): CodeIgniter\CodeIgniter->handleRequest(null, Object(Config\Cache), false)
 9 FCPATH\index.php(67): CodeIgniter\CodeIgniter->run()
ERROR - 2023-03-31 22:01:01 --> mysqli_sql_exception: Table 'cms.header' doesn't exist in C:\xampp\htdocs\binan\system\Database\MySQLi\Connection.php:295
Stack trace:
#0 C:\xampp\htdocs\binan\system\Database\MySQLi\Connection.php(295): mysqli->query('SELECT * FROM `...', 0)
#1 C:\xampp\htdocs\binan\system\Database\BaseConnection.php(691): CodeIgniter\Database\MySQLi\Connection->execute('SELECT * FROM `...')
#2 C:\xampp\htdocs\binan\system\Database\BaseConnection.php(605): CodeIgniter\Database\BaseConnection->simpleQuery('SELECT * FROM `...')
#3 C:\xampp\htdocs\binan\app\Views\quill_js.php(57): CodeIgniter\Database\BaseConnection->query('SELECT * FROM `...')
#4 C:\xampp\htdocs\binan\system\View\View.php(213): include('C:\\xampp\\htdocs...')
#5 C:\xampp\htdocs\binan\system\View\View.php(216): CodeIgniter\View\View->CodeIgniter\View\{closure}()
#6 C:\xampp\htdocs\binan\system\Common.php(1184): CodeIgniter\View\View->render('quill_js', Array, true)
#7 C:\xampp\htdocs\binan\app\Controllers\Main.php(15): view('quill_js')
#8 C:\xampp\htdocs\binan\system\CodeIgniter.php(934): App\Controllers\Main->editor()
#9 C:\xampp\htdocs\binan\system\CodeIgniter.php(499): CodeIgniter\CodeIgniter->runController(Object(App\Controllers\Main))
#10 C:\xampp\htdocs\binan\system\CodeIgniter.php(368): CodeIgniter\CodeIgniter->handleRequest(NULL, Object(Config\Cache), false)
#11 C:\xampp\htdocs\binan\public\index.php(67): CodeIgniter\CodeIgniter->run()
#12 {main}
CRITICAL - 2023-03-31 22:01:01 --> Table 'cms.header' doesn't exist
in SYSTEMPATH\Database\BaseConnection.php on line 645.
 1 APPPATH\Views\quill_js.php(57): CodeIgniter\Database\BaseConnection->query('SELECT * FROM `header`')
 2 SYSTEMPATH\View\View.php(213): include('APPPATH\\Views\\quill_js.php')
 3 SYSTEMPATH\View\View.php(216): CodeIgniter\View\View->CodeIgniter\View\{closure}()
 4 SYSTEMPATH\Common.php(1184): CodeIgniter\View\View->render('quill_js', [], true)
 5 APPPATH\Controllers\Main.php(15): view('quill_js')
 6 SYSTEMPATH\CodeIgniter.php(934): App\Controllers\Main->editor()
 7 SYSTEMPATH\CodeIgniter.php(499): CodeIgniter\CodeIgniter->runController(Object(App\Controllers\Main))
 8 SYSTEMPATH\CodeIgniter.php(368): CodeIgniter\CodeIgniter->handleRequest(null, Object(Config\Cache), false)
 9 FCPATH\index.php(67): CodeIgniter\CodeIgniter->run()
ERROR - 2023-03-31 22:01:08 --> mysqli_sql_exception: Table 'cms.header' doesn't exist in C:\xampp\htdocs\binan\system\Database\MySQLi\Connection.php:295
Stack trace:
#0 C:\xampp\htdocs\binan\system\Database\MySQLi\Connection.php(295): mysqli->query('SELECT * FROM `...', 0)
#1 C:\xampp\htdocs\binan\system\Database\BaseConnection.php(691): CodeIgniter\Database\MySQLi\Connection->execute('SELECT * FROM `...')
#2 C:\xampp\htdocs\binan\system\Database\BaseConnection.php(605): CodeIgniter\Database\BaseConnection->simpleQuery('SELECT * FROM `...')
#3 C:\xampp\htdocs\binan\app\Views\quill_js.php(57): CodeIgniter\Database\BaseConnection->query('SELECT * FROM `...')
#4 C:\xampp\htdocs\binan\system\View\View.php(213): include('C:\\xampp\\htdocs...')
#5 C:\xampp\htdocs\binan\system\View\View.php(216): CodeIgniter\View\View->CodeIgniter\View\{closure}()
#6 C:\xampp\htdocs\binan\system\Common.php(1184): CodeIgniter\View\View->render('quill_js', Array, true)
#7 C:\xampp\htdocs\binan\app\Controllers\Main.php(15): view('quill_js')
#8 C:\xampp\htdocs\binan\system\CodeIgniter.php(934): App\Controllers\Main->editor()
#9 C:\xampp\htdocs\binan\system\CodeIgniter.php(499): CodeIgniter\CodeIgniter->runController(Object(App\Controllers\Main))
#10 C:\xampp\htdocs\binan\system\CodeIgniter.php(368): CodeIgniter\CodeIgniter->handleRequest(NULL, Object(Config\Cache), false)
#11 C:\xampp\htdocs\binan\public\index.php(67): CodeIgniter\CodeIgniter->run()
#12 {main}
CRITICAL - 2023-03-31 22:01:08 --> Table 'cms.header' doesn't exist
in SYSTEMPATH\Database\BaseConnection.php on line 645.
 1 APPPATH\Views\quill_js.php(57): CodeIgniter\Database\BaseConnection->query('SELECT * FROM `header`')
 2 SYSTEMPATH\View\View.php(213): include('APPPATH\\Views\\quill_js.php')
 3 SYSTEMPATH\View\View.php(216): CodeIgniter\View\View->CodeIgniter\View\{closure}()
 4 SYSTEMPATH\Common.php(1184): CodeIgniter\View\View->render('quill_js', [], true)
 5 APPPATH\Controllers\Main.php(15): view('quill_js')
 6 SYSTEMPATH\CodeIgniter.php(934): App\Controllers\Main->editor()
 7 SYSTEMPATH\CodeIgniter.php(499): CodeIgniter\CodeIgniter->runController(Object(App\Controllers\Main))
 8 SYSTEMPATH\CodeIgniter.php(368): CodeIgniter\CodeIgniter->handleRequest(null, Object(Config\Cache), false)
 9 FCPATH\index.php(67): CodeIgniter\CodeIgniter->run()
ERROR - 2023-03-31 22:01:09 --> mysqli_sql_exception: Table 'cms.header' doesn't exist in C:\xampp\htdocs\binan\system\Database\MySQLi\Connection.php:295
Stack trace:
#0 C:\xampp\htdocs\binan\system\Database\MySQLi\Connection.php(295): mysqli->query('SELECT * FROM `...', 0)
#1 C:\xampp\htdocs\binan\system\Database\BaseConnection.php(691): CodeIgniter\Database\MySQLi\Connection->execute('SELECT * FROM `...')
#2 C:\xampp\htdocs\binan\system\Database\BaseConnection.php(605): CodeIgniter\Database\BaseConnection->simpleQuery('SELECT * FROM `...')
#3 C:\xampp\htdocs\binan\app\Views\quill_js.php(57): CodeIgniter\Database\BaseConnection->query('SELECT * FROM `...')
#4 C:\xampp\htdocs\binan\system\View\View.php(213): include('C:\\xampp\\htdocs...')
#5 C:\xampp\htdocs\binan\system\View\View.php(216): CodeIgniter\View\View->CodeIgniter\View\{closure}()
#6 C:\xampp\htdocs\binan\system\Common.php(1184): CodeIgniter\View\View->render('quill_js', Array, true)
#7 C:\xampp\htdocs\binan\app\Controllers\Main.php(15): view('quill_js')
#8 C:\xampp\htdocs\binan\system\CodeIgniter.php(934): App\Controllers\Main->editor()
#9 C:\xampp\htdocs\binan\system\CodeIgniter.php(499): CodeIgniter\CodeIgniter->runController(Object(App\Controllers\Main))
#10 C:\xampp\htdocs\binan\system\CodeIgniter.php(368): CodeIgniter\CodeIgniter->handleRequest(NULL, Object(Config\Cache), false)
#11 C:\xampp\htdocs\binan\public\index.php(67): CodeIgniter\CodeIgniter->run()
#12 {main}
CRITICAL - 2023-03-31 22:01:09 --> Table 'cms.header' doesn't exist
in SYSTEMPATH\Database\BaseConnection.php on line 645.
 1 APPPATH\Views\quill_js.php(57): CodeIgniter\Database\BaseConnection->query('SELECT * FROM `header`')
 2 SYSTEMPATH\View\View.php(213): include('APPPATH\\Views\\quill_js.php')
 3 SYSTEMPATH\View\View.php(216): CodeIgniter\View\View->CodeIgniter\View\{closure}()
 4 SYSTEMPATH\Common.php(1184): CodeIgniter\View\View->render('quill_js', [], true)
 5 APPPATH\Controllers\Main.php(15): view('quill_js')
 6 SYSTEMPATH\CodeIgniter.php(934): App\Controllers\Main->editor()
 7 SYSTEMPATH\CodeIgniter.php(499): CodeIgniter\CodeIgniter->runController(Object(App\Controllers\Main))
 8 SYSTEMPATH\CodeIgniter.php(368): CodeIgniter\CodeIgniter->handleRequest(null, Object(Config\Cache), false)
 9 FCPATH\index.php(67): CodeIgniter\CodeIgniter->run()
