CRITICAL - 2023-03-29 00:02:12 --> Undefined variable $user
in APPPATH\Views\admin.php on line 40.
 1 APPPATH\Views\admin.php(40): CodeIgniter\Debug\Exceptions->errorHandler(2, 'Undefined variable $user', 'APPPATH\\Views\\admin.php', 40)
 2 SYSTEMPATH\View\View.php(213): include('APPPATH\\Views\\admin.php')
 3 SYSTEMPATH\View\View.php(216): CodeIgniter\View\View->CodeIgniter\View\{closure}()
 4 SYSTEMPATH\Common.php(1184): CodeIgniter\View\View->render('admin', [], true)
 5 APPPATH\Controllers\Main.php(17): view('admin')
 6 SYSTEMPATH\CodeIgniter.php(934): App\Controllers\Main->post()
 7 SYSTEMPATH\CodeIgniter.php(499): CodeIgniter\CodeIgniter->runController(Object(App\Controllers\Main))
 8 SYSTEMPATH\CodeIgniter.php(368): CodeIgniter\CodeIgniter->handleRequest(null, Object(Config\Cache), false)
 9 FCPATH\index.php(67): CodeIgniter\CodeIgniter->run()
CRITICAL - 2023-03-29 00:02:14 --> Undefined variable $user
in APPPATH\Views\admin.php on line 40.
 1 APPPATH\Views\admin.php(40): CodeIgniter\Debug\Exceptions->errorHandler(2, 'Undefined variable $user', 'APPPATH\\Views\\admin.php', 40)
 2 SYSTEMPATH\View\View.php(213): include('APPPATH\\Views\\admin.php')
 3 SYSTEMPATH\View\View.php(216): CodeIgniter\View\View->CodeIgniter\View\{closure}()
 4 SYSTEMPATH\Common.php(1184): CodeIgniter\View\View->render('admin', [], true)
 5 APPPATH\Controllers\Main.php(17): view('admin')
 6 SYSTEMPATH\CodeIgniter.php(934): App\Controllers\Main->post()
 7 SYSTEMPATH\CodeIgniter.php(499): CodeIgniter\CodeIgniter->runController(Object(App\Controllers\Main))
 8 SYSTEMPATH\CodeIgniter.php(368): CodeIgniter\CodeIgniter->handleRequest(null, Object(Config\Cache), false)
 9 FCPATH\index.php(67): CodeIgniter\CodeIgniter->run()
CRITICAL - 2023-03-29 00:02:15 --> Undefined variable $user
in APPPATH\Views\admin.php on line 40.
 1 APPPATH\Views\admin.php(40): CodeIgniter\Debug\Exceptions->errorHandler(2, 'Undefined variable $user', 'APPPATH\\Views\\admin.php', 40)
 2 SYSTEMPATH\View\View.php(213): include('APPPATH\\Views\\admin.php')
 3 SYSTEMPATH\View\View.php(216): CodeIgniter\View\View->CodeIgniter\View\{closure}()
 4 SYSTEMPATH\Common.php(1184): CodeIgniter\View\View->render('admin', [], true)
 5 APPPATH\Controllers\Main.php(17): view('admin')
 6 SYSTEMPATH\CodeIgniter.php(934): App\Controllers\Main->post()
 7 SYSTEMPATH\CodeIgniter.php(499): CodeIgniter\CodeIgniter->runController(Object(App\Controllers\Main))
 8 SYSTEMPATH\CodeIgniter.php(368): CodeIgniter\CodeIgniter->handleRequest(null, Object(Config\Cache), false)
 9 FCPATH\index.php(67): CodeIgniter\CodeIgniter->run()
CRITICAL - 2023-03-29 00:02:16 --> Undefined variable $user
in APPPATH\Views\admin.php on line 40.
 1 APPPATH\Views\admin.php(40): CodeIgniter\Debug\Exceptions->errorHandler(2, 'Undefined variable $user', 'APPPATH\\Views\\admin.php', 40)
 2 SYSTEMPATH\View\View.php(213): include('APPPATH\\Views\\admin.php')
 3 SYSTEMPATH\View\View.php(216): CodeIgniter\View\View->CodeIgniter\View\{closure}()
 4 SYSTEMPATH\Common.php(1184): CodeIgniter\View\View->render('admin', [], true)
 5 APPPATH\Controllers\Main.php(17): view('admin')
 6 SYSTEMPATH\CodeIgniter.php(934): App\Controllers\Main->post()
 7 SYSTEMPATH\CodeIgniter.php(499): CodeIgniter\CodeIgniter->runController(Object(App\Controllers\Main))
 8 SYSTEMPATH\CodeIgniter.php(368): CodeIgniter\CodeIgniter->handleRequest(null, Object(Config\Cache), false)
 9 FCPATH\index.php(67): CodeIgniter\CodeIgniter->run()
