ERROR - 2023-04-02 13:08:15 --> Error connecting to the database: mysqli_sql_exception: Access denied for user 'root'@'localhost' (using password: YES) in C:\xampp\htdocs\binan\system\Database\MySQLi\Connection.php:173
Stack trace:
#0 C:\xampp\htdocs\binan\system\Database\MySQLi\Connection.php(173): mysqli->real_connect('localhost', 'root', Object(SensitiveParameterValue), 'cms', 3306, '', 0)
#1 C:\xampp\htdocs\binan\system\Database\BaseConnection.php(391): CodeIgniter\Database\MySQLi\Connection->connect(false)
#2 C:\xampp\htdocs\binan\system\Database\BaseConnection.php(573): CodeIgniter\Database\BaseConnection->initialize()
#3 C:\xampp\htdocs\binan\system\Database\BaseBuilder.php(1616): CodeIgniter\Database\BaseConnection->query('SELECT *\nFROM `...', Array, false)
#4 C:\xampp\htdocs\binan\system\Model.php(241): CodeIgniter\Database\BaseBuilder->get()
#5 C:\xampp\htdocs\binan\system\BaseModel.php(618): CodeIgniter\Model->doFindAll(0, 0)
#6 C:\xampp\htdocs\binan\app\Views\quill_js.php(106): CodeIgniter\BaseModel->findAll()
#7 C:\xampp\htdocs\binan\system\View\View.php(213): include('C:\\xampp\\htdocs...')
#8 C:\xampp\htdocs\binan\system\View\View.php(216): CodeIgniter\View\View->CodeIgniter\View\{closure}()
#9 C:\xampp\htdocs\binan\system\Common.php(1184): CodeIgniter\View\View->render('quill_js', Array, true)
#10 C:\xampp\htdocs\binan\app\Controllers\Main.php(15): view('quill_js')
#11 C:\xampp\htdocs\binan\system\CodeIgniter.php(934): App\Controllers\Main->editor()
#12 C:\xampp\htdocs\binan\system\CodeIgniter.php(499): CodeIgniter\CodeIgniter->runController(Object(App\Controllers\Main))
#13 C:\xampp\htdocs\binan\system\CodeIgniter.php(368): CodeIgniter\CodeIgniter->handleRequest(NULL, Object(Config\Cache), false)
#14 C:\xampp\htdocs\binan\public\index.php(67): CodeIgniter\CodeIgniter->run()
#15 {main}

Next CodeIgniter\Database\Exceptions\DatabaseException: Access denied for user '****'@'localhost' (using password: YES) in C:\xampp\htdocs\binan\system\Database\MySQLi\Connection.php:218
Stack trace:
#0 C:\xampp\htdocs\binan\system\Database\BaseConnection.php(391): CodeIgniter\Database\MySQLi\Connection->connect(false)
#1 C:\xampp\htdocs\binan\system\Database\BaseConnection.php(573): CodeIgniter\Database\BaseConnection->initialize()
#2 C:\xampp\htdocs\binan\system\Database\BaseBuilder.php(1616): CodeIgniter\Database\BaseConnection->query('SELECT *\nFROM `...', Array, false)
#3 C:\xampp\htdocs\binan\system\Model.php(241): CodeIgniter\Database\BaseBuilder->get()
#4 C:\xampp\htdocs\binan\system\BaseModel.php(618): CodeIgniter\Model->doFindAll(0, 0)
#5 C:\xampp\htdocs\binan\app\Views\quill_js.php(106): CodeIgniter\BaseModel->findAll()
#6 C:\xampp\htdocs\binan\system\View\View.php(213): include('C:\\xampp\\htdocs...')
#7 C:\xampp\htdocs\binan\system\View\View.php(216): CodeIgniter\View\View->CodeIgniter\View\{closure}()
#8 C:\xampp\htdocs\binan\system\Common.php(1184): CodeIgniter\View\View->render('quill_js', Array, true)
#9 C:\xampp\htdocs\binan\app\Controllers\Main.php(15): view('quill_js')
#10 C:\xampp\htdocs\binan\system\CodeIgniter.php(934): App\Controllers\Main->editor()
#11 C:\xampp\htdocs\binan\system\CodeIgniter.php(499): CodeIgniter\CodeIgniter->runController(Object(App\Controllers\Main))
#12 C:\xampp\htdocs\binan\system\CodeIgniter.php(368): CodeIgniter\CodeIgniter->handleRequest(NULL, Object(Config\Cache), false)
#13 C:\xampp\htdocs\binan\public\index.php(67): CodeIgniter\CodeIgniter->run()
#14 {main}
CRITICAL - 2023-04-02 13:08:15 --> Unable to connect to the database.
Main connection [MySQLi]: Access denied for user '****'@'localhost' (using password: YES)
in SYSTEMPATH\Database\BaseConnection.php on line 427.
 1 SYSTEMPATH\Database\BaseConnection.php(573): CodeIgniter\Database\BaseConnection->initialize()
 2 SYSTEMPATH\Database\BaseBuilder.php(1616): CodeIgniter\Database\BaseConnection->query('SELECT *
FROM `headers`', [], false)
 3 SYSTEMPATH\Model.php(241): CodeIgniter\Database\BaseBuilder->get()
 4 SYSTEMPATH\BaseModel.php(618): CodeIgniter\Model->doFindAll(0, 0)
 5 APPPATH\Views\quill_js.php(106): CodeIgniter\BaseModel->findAll()
 6 SYSTEMPATH\View\View.php(213): include('APPPATH\\Views\\quill_js.php')
 7 SYSTEMPATH\View\View.php(216): CodeIgniter\View\View->CodeIgniter\View\{closure}()
 8 SYSTEMPATH\Common.php(1184): CodeIgniter\View\View->render('quill_js', [], true)
 9 APPPATH\Controllers\Main.php(15): view('quill_js')
10 SYSTEMPATH\CodeIgniter.php(934): App\Controllers\Main->editor()
11 SYSTEMPATH\CodeIgniter.php(499): CodeIgniter\CodeIgniter->runController(Object(App\Controllers\Main))
12 SYSTEMPATH\CodeIgniter.php(368): CodeIgniter\CodeIgniter->handleRequest(null, Object(Config\Cache), false)
13 FCPATH\index.php(67): CodeIgniter\CodeIgniter->run()
ERROR - 2023-04-02 13:08:16 --> Error connecting to the database: mysqli_sql_exception: Access denied for user 'root'@'localhost' (using password: YES) in C:\xampp\htdocs\binan\system\Database\MySQLi\Connection.php:173
Stack trace:
#0 C:\xampp\htdocs\binan\system\Database\MySQLi\Connection.php(173): mysqli->real_connect('localhost', 'root', Object(SensitiveParameterValue), 'cms', 3306, '', 0)
#1 C:\xampp\htdocs\binan\system\Database\BaseConnection.php(391): CodeIgniter\Database\MySQLi\Connection->connect(false)
#2 C:\xampp\htdocs\binan\system\Database\BaseConnection.php(573): CodeIgniter\Database\BaseConnection->initialize()
#3 C:\xampp\htdocs\binan\system\Database\BaseBuilder.php(1616): CodeIgniter\Database\BaseConnection->query('SELECT *\nFROM `...', Array, false)
#4 C:\xampp\htdocs\binan\system\Model.php(241): CodeIgniter\Database\BaseBuilder->get()
#5 C:\xampp\htdocs\binan\system\BaseModel.php(618): CodeIgniter\Model->doFindAll(0, 0)
#6 C:\xampp\htdocs\binan\app\Views\quill_js.php(106): CodeIgniter\BaseModel->findAll()
#7 C:\xampp\htdocs\binan\system\View\View.php(213): include('C:\\xampp\\htdocs...')
#8 C:\xampp\htdocs\binan\system\View\View.php(216): CodeIgniter\View\View->CodeIgniter\View\{closure}()
#9 C:\xampp\htdocs\binan\system\Common.php(1184): CodeIgniter\View\View->render('quill_js', Array, true)
#10 C:\xampp\htdocs\binan\app\Controllers\Main.php(15): view('quill_js')
#11 C:\xampp\htdocs\binan\system\CodeIgniter.php(934): App\Controllers\Main->editor()
#12 C:\xampp\htdocs\binan\system\CodeIgniter.php(499): CodeIgniter\CodeIgniter->runController(Object(App\Controllers\Main))
#13 C:\xampp\htdocs\binan\system\CodeIgniter.php(368): CodeIgniter\CodeIgniter->handleRequest(NULL, Object(Config\Cache), false)
#14 C:\xampp\htdocs\binan\public\index.php(67): CodeIgniter\CodeIgniter->run()
#15 {main}

Next CodeIgniter\Database\Exceptions\DatabaseException: Access denied for user '****'@'localhost' (using password: YES) in C:\xampp\htdocs\binan\system\Database\MySQLi\Connection.php:218
Stack trace:
#0 C:\xampp\htdocs\binan\system\Database\BaseConnection.php(391): CodeIgniter\Database\MySQLi\Connection->connect(false)
#1 C:\xampp\htdocs\binan\system\Database\BaseConnection.php(573): CodeIgniter\Database\BaseConnection->initialize()
#2 C:\xampp\htdocs\binan\system\Database\BaseBuilder.php(1616): CodeIgniter\Database\BaseConnection->query('SELECT *\nFROM `...', Array, false)
#3 C:\xampp\htdocs\binan\system\Model.php(241): CodeIgniter\Database\BaseBuilder->get()
#4 C:\xampp\htdocs\binan\system\BaseModel.php(618): CodeIgniter\Model->doFindAll(0, 0)
#5 C:\xampp\htdocs\binan\app\Views\quill_js.php(106): CodeIgniter\BaseModel->findAll()
#6 C:\xampp\htdocs\binan\system\View\View.php(213): include('C:\\xampp\\htdocs...')
#7 C:\xampp\htdocs\binan\system\View\View.php(216): CodeIgniter\View\View->CodeIgniter\View\{closure}()
#8 C:\xampp\htdocs\binan\system\Common.php(1184): CodeIgniter\View\View->render('quill_js', Array, true)
#9 C:\xampp\htdocs\binan\app\Controllers\Main.php(15): view('quill_js')
#10 C:\xampp\htdocs\binan\system\CodeIgniter.php(934): App\Controllers\Main->editor()
#11 C:\xampp\htdocs\binan\system\CodeIgniter.php(499): CodeIgniter\CodeIgniter->runController(Object(App\Controllers\Main))
#12 C:\xampp\htdocs\binan\system\CodeIgniter.php(368): CodeIgniter\CodeIgniter->handleRequest(NULL, Object(Config\Cache), false)
#13 C:\xampp\htdocs\binan\public\index.php(67): CodeIgniter\CodeIgniter->run()
#14 {main}
CRITICAL - 2023-04-02 13:08:16 --> Unable to connect to the database.
Main connection [MySQLi]: Access denied for user '****'@'localhost' (using password: YES)
in SYSTEMPATH\Database\BaseConnection.php on line 427.
 1 SYSTEMPATH\Database\BaseConnection.php(573): CodeIgniter\Database\BaseConnection->initialize()
 2 SYSTEMPATH\Database\BaseBuilder.php(1616): CodeIgniter\Database\BaseConnection->query('SELECT *
FROM `headers`', [], false)
 3 SYSTEMPATH\Model.php(241): CodeIgniter\Database\BaseBuilder->get()
 4 SYSTEMPATH\BaseModel.php(618): CodeIgniter\Model->doFindAll(0, 0)
 5 APPPATH\Views\quill_js.php(106): CodeIgniter\BaseModel->findAll()
 6 SYSTEMPATH\View\View.php(213): include('APPPATH\\Views\\quill_js.php')
 7 SYSTEMPATH\View\View.php(216): CodeIgniter\View\View->CodeIgniter\View\{closure}()
 8 SYSTEMPATH\Common.php(1184): CodeIgniter\View\View->render('quill_js', [], true)
 9 APPPATH\Controllers\Main.php(15): view('quill_js')
10 SYSTEMPATH\CodeIgniter.php(934): App\Controllers\Main->editor()
11 SYSTEMPATH\CodeIgniter.php(499): CodeIgniter\CodeIgniter->runController(Object(App\Controllers\Main))
12 SYSTEMPATH\CodeIgniter.php(368): CodeIgniter\CodeIgniter->handleRequest(null, Object(Config\Cache), false)
13 FCPATH\index.php(67): CodeIgniter\CodeIgniter->run()
